[map[
     pe:[15.013360964074874 12.4444 19.919999999999998] 
     volr:[0.746694836754637 0.4946392952428068 1.2279730437254106] 
     mtsr:[2.125302661099087e+08 1.2416385759549959e+08 3.8131914382392406e+08] 
    ] 
 map[
     pe:[23.99687451897743 14.043599999999998 40.152] 
     volr:[1.4115773950747905 0.9175057269107263 2.2135894860043104] 
     mtsr:[2.890328833226692e+08 1.9256986421162495e+08 4.4569085203796417e+08] 
     ] 
 map[
     pe:[25.641987559307644 15.9976 42.23199999999999]  
     volr:[2.2197014044352836 1.8688944837667303 2.8243390094359366] 
     mtsr:[3.4008857488769627e+08 1.9378167109199658e+08 5.918511401979392e+08] 
     ] 
 map[
     pe:[13.083865819667732 10.8418 19.356] 
     volr:[0.4319097762739865 0.30794282444776266 0.7791274161215854] 
     mtsr:[4.776842469567734e+07 2.029154211432719e+07 1.246945792209386e+08]  
     ]
] 
